<?xml version="1.0" encoding="UTF-8"?>
<!-- Generated by org.testng.reporters.JUnitXMLReporter -->
<testsuite ignored="0" hostname="DESKTOP-Q1T02RD" failures="0" tests="2" name="FREE CRM App Test Cases" time="10.549" errors="0" timestamp="2022-04-03T18:09:49 IST">
  <testcase classname="com.crm.qa.testcases.SignInPageTC" name="signInPageTitleTest" time="0.106"/>
  <testcase classname="com.crm.qa.testcases.SignInPageTC" name="signInTest" time="0.831"/>
</testsuite> <!-- FREE CRM App Test Cases -->
