<?xml version="1.0" encoding="UTF-8"?>
<!-- Generated by org.testng.reporters.JUnitXMLReporter -->
<testsuite ignored="1" hostname="DESKTOP-Q1T02RD" failures="0" tests="3" name="SanityTest" time="5.265" errors="0" timestamp="2022-05-26T23:32:00 IST">
  <testcase classname="com.TestNG04.ActiTime" name="launchApp" time="1.06"/>
  <testcase classname="com.TestNG04.ActiTime" name="logInTest" time="3.811"/>
  <testcase classname="com.TestNG04.ActiTime" name="logoutTest" time="0.308"/>
  <testcase classname="com.TestNG04.ActiTime" name="titleTest" time="0.0">
    <ignored/>
  </testcase> <!-- titleTest -->
</testsuite> <!-- SanityTest -->
