<?xml version="1.0" encoding="UTF-8"?>
<testng-results ignored="0" total="1" passed="1" failed="0" skipped="0">
  <reporter-output>
  </reporter-output>
  <suite started-at="2022-06-15T23:27:42 IST" name="Default suite" finished-at="2022-06-15T23:27:59 IST" duration-ms="17249">
    <groups>
    </groups>
    <test started-at="2022-06-15T23:27:42 IST" name="Default test" finished-at="2022-06-15T23:27:59 IST" duration-ms="17249">
      <class name="com.TestNG01.Demo01sampleTestNGProgram">
        <test-method is-config="true" signature="setup()[pri:0, instance:com.TestNG01.Demo01sampleTestNGProgram@57af006c]" started-at="2022-06-15T23:27:42 IST" name="setup" finished-at="2022-06-15T23:27:58 IST" duration-ms="16154" status="PASS">
          <reporter-output>
          </reporter-output>
        </test-method> <!-- setup -->
        <test-method signature="titleTest0()[pri:0, instance:com.TestNG01.Demo01sampleTestNGProgram@57af006c]" started-at="2022-06-15T23:27:58 IST" name="titleTest0" finished-at="2022-06-15T23:27:59 IST" duration-ms="376" status="PASS">
          <reporter-output>
          </reporter-output>
        </test-method> <!-- titleTest0 -->
        <test-method is-config="true" signature="closeBrowser()[pri:0, instance:com.TestNG01.Demo01sampleTestNGProgram@57af006c]" started-at="2022-06-15T23:27:59 IST" name="closeBrowser" finished-at="2022-06-15T23:27:59 IST" duration-ms="616" status="PASS">
          <reporter-output>
          </reporter-output>
        </test-method> <!-- closeBrowser -->
      </class> <!-- com.TestNG01.Demo01sampleTestNGProgram -->
    </test> <!-- Default test -->
  </suite> <!-- Default suite -->
</testng-results>
