<?xml version="1.0" encoding="UTF-8"?>
<testng-results ignored="0" total="3" passed="3" failed="0" skipped="0">
  <reporter-output>
  </reporter-output>
  <suite started-at="2022-04-01T17:11:50 IST" name="Default suite" finished-at="2022-04-01T17:12:22 IST" duration-ms="32689">
    <groups>
    </groups>
    <test started-at="2022-04-01T17:11:50 IST" name="Default test" finished-at="2022-04-01T17:12:22 IST" duration-ms="32689">
      <class name="dataDrivenTest.HalfEbayTest">
        <test-method is-config="true" signature="setUp()[pri:0, instance:dataDrivenTest.HalfEbayTest@6fd83fc1]" started-at="2022-04-01T17:11:51 IST" name="setUp" finished-at="2022-04-01T17:12:01 IST" duration-ms="9626" status="PASS">
          <reporter-output>
          </reporter-output>
        </test-method> <!-- setUp -->
        <test-method signature="halfEbayRegPageTest(java.lang.String,java.lang.String,java.lang.String,java.lang.String)[pri:0, instance:dataDrivenTest.HalfEbayTest@6fd83fc1]" started-at="2022-04-01T17:12:01 IST" name="halfEbayRegPageTest" data-provider="getTestData" finished-at="2022-04-01T17:12:03 IST" duration-ms="1814" status="PASS">
          <params>
            <param index="0">
              <value>
                <![CDATA[MS]]>
              </value>
            </param>
            <param index="1">
              <value>
                <![CDATA[Dhoni]]>
              </value>
            </param>
            <param index="2">
              <value>
                <![CDATA[ms777@gamil.com]]>
              </value>
            </param>
            <param index="3">
              <value>
                <![CDATA[mahi@777]]>
              </value>
            </param>
          </params>
          <reporter-output>
          </reporter-output>
        </test-method> <!-- halfEbayRegPageTest -->
        <test-method is-config="true" signature="teardown()[pri:0, instance:dataDrivenTest.HalfEbayTest@6fd83fc1]" started-at="2022-04-01T17:12:03 IST" name="teardown" finished-at="2022-04-01T17:12:04 IST" duration-ms="858" status="PASS">
          <reporter-output>
          </reporter-output>
        </test-method> <!-- teardown -->
        <test-method is-config="true" signature="setUp()[pri:0, instance:dataDrivenTest.HalfEbayTest@6fd83fc1]" started-at="2022-04-01T17:12:04 IST" name="setUp" finished-at="2022-04-01T17:12:10 IST" duration-ms="6573" status="PASS">
          <reporter-output>
          </reporter-output>
        </test-method> <!-- setUp -->
        <test-method signature="halfEbayRegPageTest(java.lang.String,java.lang.String,java.lang.String,java.lang.String)[pri:0, instance:dataDrivenTest.HalfEbayTest@6fd83fc1]" started-at="2022-04-01T17:12:10 IST" name="halfEbayRegPageTest" data-provider="getTestData" finished-at="2022-04-01T17:12:12 IST" duration-ms="2061" status="PASS">
          <params>
            <param index="0">
              <value>
                <![CDATA[Sir]]>
              </value>
            </param>
            <param index="1">
              <value>
                <![CDATA[Jadeja]]>
              </value>
            </param>
            <param index="2">
              <value>
                <![CDATA[sir.jadeja@gmail.com]]>
              </value>
            </param>
            <param index="3">
              <value>
                <![CDATA[jaddu@888]]>
              </value>
            </param>
          </params>
          <reporter-output>
          </reporter-output>
        </test-method> <!-- halfEbayRegPageTest -->
        <test-method is-config="true" signature="teardown()[pri:0, instance:dataDrivenTest.HalfEbayTest@6fd83fc1]" started-at="2022-04-01T17:12:12 IST" name="teardown" finished-at="2022-04-01T17:12:13 IST" duration-ms="792" status="PASS">
          <reporter-output>
          </reporter-output>
        </test-method> <!-- teardown -->
        <test-method is-config="true" signature="setUp()[pri:0, instance:dataDrivenTest.HalfEbayTest@6fd83fc1]" started-at="2022-04-01T17:12:13 IST" name="setUp" finished-at="2022-04-01T17:12:20 IST" duration-ms="6484" status="PASS">
          <reporter-output>
          </reporter-output>
        </test-method> <!-- setUp -->
        <test-method signature="halfEbayRegPageTest(java.lang.String,java.lang.String,java.lang.String,java.lang.String)[pri:0, instance:dataDrivenTest.HalfEbayTest@6fd83fc1]" started-at="2022-04-01T17:12:20 IST" name="halfEbayRegPageTest" data-provider="getTestData" finished-at="2022-04-01T17:12:22 IST" duration-ms="2036" status="PASS">
          <params>
            <param index="0">
              <value>
                <![CDATA[R]]>
              </value>
            </param>
            <param index="1">
              <value>
                <![CDATA[Ashwin]]>
              </value>
            </param>
            <param index="2">
              <value>
                <![CDATA[r.aswin@gmail.com]]>
              </value>
            </param>
            <param index="3">
              <value>
                <![CDATA[ashwin@999]]>
              </value>
            </param>
          </params>
          <reporter-output>
          </reporter-output>
        </test-method> <!-- halfEbayRegPageTest -->
        <test-method is-config="true" signature="teardown()[pri:0, instance:dataDrivenTest.HalfEbayTest@6fd83fc1]" started-at="2022-04-01T17:12:22 IST" name="teardown" finished-at="2022-04-01T17:12:22 IST" duration-ms="826" status="PASS">
          <reporter-output>
          </reporter-output>
        </test-method> <!-- teardown -->
      </class> <!-- dataDrivenTest.HalfEbayTest -->
    </test> <!-- Default test -->
  </suite> <!-- Default suite -->
</testng-results>
