<?xml version="1.0" encoding="UTF-8"?>
<!-- Generated by org.testng.reporters.JUnitXMLReporter -->
<testsuite ignored="0" hostname="DESKTOP-Q1T02RD" failures="0" tests="3" name="Default test" time="32.689" errors="0" timestamp="2022-04-01T17:12:23 IST">
  <testcase classname="dataDrivenTest.HalfEbayTest" name="halfEbayRegPageTest" time="1.814"/>
  <testcase classname="dataDrivenTest.HalfEbayTest" name="halfEbayRegPageTest" time="2.061"/>
  <testcase classname="dataDrivenTest.HalfEbayTest" name="halfEbayRegPageTest" time="2.036"/>
</testsuite> <!-- Default test -->
