<?xml version="1.0" encoding="UTF-8"?>
<testng-results ignored="0" total="2" passed="2" failed="0" skipped="0">
  <reporter-output>
  </reporter-output>
  <suite started-at="2022-04-03T18:15:39 IST" name="Failed suite [Default suite]" finished-at="2022-04-03T18:15:48 IST" duration-ms="9668">
    <groups>
    </groups>
    <test started-at="2022-04-03T18:15:39 IST" name="Default test(failed)" finished-at="2022-04-03T18:15:48 IST" duration-ms="9668">
      <class name="com.crm.qa.testcases.SignInPageTC">
        <test-method is-config="true" signature="setUp()[pri:0, instance:com.crm.qa.testcases.SignInPageTC@729d991e]" started-at="2022-04-03T18:15:39 IST" name="setUp" finished-at="2022-04-03T18:15:44 IST" duration-ms="5342" status="PASS">
          <reporter-output>
          </reporter-output>
        </test-method> <!-- setUp -->
        <test-method signature="signInPageTitleTest()[pri:0, instance:com.crm.qa.testcases.SignInPageTC@729d991e]" started-at="2022-04-03T18:15:44 IST" name="signInPageTitleTest" finished-at="2022-04-03T18:15:44 IST" duration-ms="132" status="PASS">
          <reporter-output>
          </reporter-output>
        </test-method> <!-- signInPageTitleTest -->
        <test-method is-config="true" signature="setUp()[pri:0, instance:com.crm.qa.testcases.SignInPageTC@729d991e]" started-at="2022-04-03T18:15:44 IST" name="setUp" finished-at="2022-04-03T18:15:48 IST" duration-ms="3274" status="PASS">
          <reporter-output>
          </reporter-output>
        </test-method> <!-- setUp -->
        <test-method signature="signInTest()[pri:0, instance:com.crm.qa.testcases.SignInPageTC@729d991e]" started-at="2022-04-03T18:15:48 IST" name="signInTest" finished-at="2022-04-03T18:15:48 IST" duration-ms="841" status="PASS">
          <reporter-output>
          </reporter-output>
        </test-method> <!-- signInTest -->
      </class> <!-- com.crm.qa.testcases.SignInPageTC -->
    </test> <!-- Default test(failed) -->
  </suite> <!-- Failed suite [Default suite] -->
</testng-results>
