<?xml version="1.0" encoding="UTF-8"?>
<testng-results ignored="0" total="2" passed="2" failed="0" skipped="0">
  <reporter-output>
  </reporter-output>
  <suite started-at="2022-05-19T18:39:31 IST" name="Default suite" finished-at="2022-05-19T18:39:31 IST" duration-ms="104">
    <groups>
    </groups>
    <test started-at="2022-05-19T18:39:31 IST" name="Default test" finished-at="2022-05-19T18:39:31 IST" duration-ms="104">
      <class name="testNG_1_2.TC1_Annotation_TestNGBasics">
        <test-method is-config="true" signature="setUp()[pri:0, instance:testNG_1_2.TC1_Annotation_TestNGBasics@434a63ab]" started-at="2022-05-19T18:39:31 IST" name="setUp" finished-at="2022-05-19T18:39:31 IST" duration-ms="15" status="PASS">
          <reporter-output>
          </reporter-output>
        </test-method> <!-- setUp -->
        <test-method is-config="true" signature="launchBrowser()[pri:0, instance:testNG_1_2.TC1_Annotation_TestNGBasics@434a63ab]" started-at="2022-05-19T18:39:31 IST" name="launchBrowser" finished-at="2022-05-19T18:39:31 IST" duration-ms="0" status="PASS">
          <reporter-output>
          </reporter-output>
        </test-method> <!-- launchBrowser -->
        <test-method is-config="true" signature="logIn()[pri:0, instance:testNG_1_2.TC1_Annotation_TestNGBasics@434a63ab]" started-at="2022-05-19T18:39:31 IST" name="logIn" finished-at="2022-05-19T18:39:31 IST" duration-ms="1" status="PASS">
          <reporter-output>
          </reporter-output>
        </test-method> <!-- logIn -->
        <test-method is-config="true" signature="enterUrl()[pri:0, instance:testNG_1_2.TC1_Annotation_TestNGBasics@434a63ab]" started-at="2022-05-19T18:39:31 IST" name="enterUrl" finished-at="2022-05-19T18:39:31 IST" duration-ms="1" status="PASS">
          <reporter-output>
          </reporter-output>
        </test-method> <!-- enterUrl -->
        <test-method signature="googleLogo()[pri:0, instance:testNG_1_2.TC1_Annotation_TestNGBasics@434a63ab]" started-at="2022-05-19T18:39:31 IST" name="googleLogo" finished-at="2022-05-19T18:39:31 IST" duration-ms="15" status="PASS">
          <reporter-output>
          </reporter-output>
        </test-method> <!-- googleLogo -->
        <test-method is-config="true" signature="logOut()[pri:0, instance:testNG_1_2.TC1_Annotation_TestNGBasics@434a63ab]" started-at="2022-05-19T18:39:31 IST" name="logOut" finished-at="2022-05-19T18:39:31 IST" duration-ms="1" status="PASS">
          <reporter-output>
          </reporter-output>
        </test-method> <!-- logOut -->
        <test-method is-config="true" signature="enterUrl()[pri:0, instance:testNG_1_2.TC1_Annotation_TestNGBasics@434a63ab]" started-at="2022-05-19T18:39:31 IST" name="enterUrl" finished-at="2022-05-19T18:39:31 IST" duration-ms="1" status="PASS">
          <reporter-output>
          </reporter-output>
        </test-method> <!-- enterUrl -->
        <test-method signature="searchText()[pri:0, instance:testNG_1_2.TC1_Annotation_TestNGBasics@434a63ab]" started-at="2022-05-19T18:39:31 IST" name="searchText" finished-at="2022-05-19T18:39:31 IST" duration-ms="3" status="PASS">
          <reporter-output>
          </reporter-output>
        </test-method> <!-- searchText -->
        <test-method is-config="true" signature="logOut()[pri:0, instance:testNG_1_2.TC1_Annotation_TestNGBasics@434a63ab]" started-at="2022-05-19T18:39:31 IST" name="logOut" finished-at="2022-05-19T18:39:31 IST" duration-ms="2" status="PASS">
          <reporter-output>
          </reporter-output>
        </test-method> <!-- logOut -->
        <test-method is-config="true" signature="closeBrowser()[pri:0, instance:testNG_1_2.TC1_Annotation_TestNGBasics@434a63ab]" started-at="2022-05-19T18:39:31 IST" name="closeBrowser" finished-at="2022-05-19T18:39:31 IST" duration-ms="1" status="PASS">
          <reporter-output>
          </reporter-output>
        </test-method> <!-- closeBrowser -->
        <test-method is-config="true" signature="deleteAllCookies()[pri:0, instance:testNG_1_2.TC1_Annotation_TestNGBasics@434a63ab]" started-at="2022-05-19T18:39:31 IST" name="deleteAllCookies" finished-at="2022-05-19T18:39:31 IST" duration-ms="1" status="PASS">
          <reporter-output>
          </reporter-output>
        </test-method> <!-- deleteAllCookies -->
      </class> <!-- testNG_1_2.TC1_Annotation_TestNGBasics -->
    </test> <!-- Default test -->
  </suite> <!-- Default suite -->
</testng-results>
